<?xml version="1.0" encoding="UTF-8"?>
<testsuite name="chapter02.Chapter02Test" tests="1" skipped="0" failures="0" errors="0" timestamp="2023-06-03T10:34:10" hostname="anseong-uui-MacBookPro.local" time="0.022">
  <properties/>
  <testcase name="doFilter()" classname="chapter02.Chapter02Test" time="0.022"/>
  <system-out><![CDATA[]]></system-out>
  <system-err><![CDATA[]]></system-err>
</testsuite>
